2021-01-30 20:50:40,241|azureml|DEBUG|Inputs:: kwargs: {'OutputCollection': True, 'EnableMLflowTracking': False, 'only_in_process_features': True, 'skip_track_logs_dir': True}, track_folders: None, deny_list: None, directories_to_watch: []
2021-01-30 20:50:40,242|azureml.history._tracking.PythonWorkingDirectory|DEBUG|Execution target type: batchai
2021-01-30 20:50:40,265|azureml.history._tracking.PythonWorkingDirectory|DEBUG|Failed to import pyspark with error: No module named 'pyspark'
2021-01-30 20:50:40,265|azureml.history._tracking.PythonWorkingDirectory.workingdir|DEBUG|Pinning working directory for filesystems: ['pyfs']
2021-01-30 20:50:40,618|azureml.core.run|DEBUG|Adding new factory <function PipelineRun._from_dto at 0x7fd6c5e24158> for run source azureml.PipelineRun
2021-01-30 20:50:40,627|azureml.core.run|DEBUG|Adding new factory <function StepRun._from_reused_dto at 0x7fd6c5e24b70> for run source azureml.ReusedStepRun
2021-01-30 20:50:40,636|azureml.core.run|DEBUG|Adding new factory <function StepRun._from_dto at 0x7fd6c5e24ae8> for run source azureml.StepRun
2021-01-30 20:50:40,646|azureml.core.run|DEBUG|Adding new factory <function ScriptRun._from_run_dto at 0x7fd6c6072158> for run source azureml.scriptrun
2021-01-30 20:50:40,677|azureml.core.authentication.TokenRefresherDaemon|DEBUG|Starting daemon and triggering first instance
2021-01-30 20:50:40,685|azureml._restclient.clientbase|INFO|Created a worker pool for first use
2021-01-30 20:50:40,686|azureml.core.authentication|DEBUG|Time to expire 1814348.314029 seconds
2021-01-30 20:50:40,686|azureml._restclient.service_context|DEBUG|Created a static thread pool for ServiceContext class
2021-01-30 20:50:40,686|azureml._restclient.clientbase|DEBUG|ClientBase: Calling get with url None
2021-01-30 20:50:40,711|azureml._base_sdk_common.service_discovery|DEBUG|Found history service url in environment variable AZUREML_SERVICE_ENDPOINT, history service url: https://eastus2.experiments.azureml.net.
2021-01-30 20:50:40,712|azureml._base_sdk_common.service_discovery|DEBUG|Found history service url in environment variable AZUREML_SERVICE_ENDPOINT, history service url: https://eastus2.experiments.azureml.net.
2021-01-30 20:50:40,712|azureml._base_sdk_common.service_discovery|DEBUG|Found history service url in environment variable AZUREML_SERVICE_ENDPOINT, history service url: https://eastus2.experiments.azureml.net.
2021-01-30 20:50:40,712|azureml._base_sdk_common.service_discovery|DEBUG|Found history service url in environment variable AZUREML_SERVICE_ENDPOINT, history service url: https://eastus2.experiments.azureml.net.
2021-01-30 20:50:40,712|azureml._base_sdk_common.service_discovery|DEBUG|Found history service url in environment variable AZUREML_SERVICE_ENDPOINT, history service url: https://eastus2.experiments.azureml.net.
2021-01-30 20:50:40,712|azureml._base_sdk_common.service_discovery|DEBUG|Found history service url in environment variable AZUREML_SERVICE_ENDPOINT, history service url: https://eastus2.experiments.azureml.net.
2021-01-30 20:50:40,712|azureml._base_sdk_common.service_discovery|DEBUG|Found history service url in environment variable AZUREML_SERVICE_ENDPOINT, history service url: https://eastus2.experiments.azureml.net.
2021-01-30 20:50:40,752|azureml._SubmittedRun#ed36274c-7716-436e-aeb4-829929175a28.RunHistoryFacade.RunClient.get_by_exp_id-async:False|DEBUG|[START]
2021-01-30 20:50:40,752|azureml._SubmittedRun#ed36274c-7716-436e-aeb4-829929175a28.RunHistoryFacade.RunClient|DEBUG|ClientBase: Calling get_by_exp_id with url /history/v1.0/subscriptions/{subscriptionId}/resourceGroups/{resourceGroupName}/providers/Microsoft.MachineLearningServices/workspaces/{workspaceName}/experimentids/{experimentId}/runs/{runId}
2021-01-30 20:50:40,812|azureml._SubmittedRun#ed36274c-7716-436e-aeb4-829929175a28.RunHistoryFacade.RunClient.get_by_exp_id-async:False|DEBUG|[STOP]
2021-01-30 20:50:40,813|azureml._SubmittedRun#ed36274c-7716-436e-aeb4-829929175a28|DEBUG|Constructing run from dto. type: azureml.StepRun, source: azureml.StepRun, props: {'ContentSnapshotId': '5c33941d-e218-45a6-9003-08f5bf594bf3', 'StepType': 'PythonScriptStep', 'ComputeTargetType': 'AmlCompute', 'azureml.moduleid': '7499bc71-15f9-5ef6-b237-f133a5a7bceb', 'azureml.runsource': 'azureml.StepRun', 'azureml.nodeid': 'f6a00f1a', 'azureml.pipelinerunid': 'fee3a3c8-0a37-4d4d-b33f-93b8751b046a', '_azureml.ComputeTargetType': 'amlcompute', 'ProcessInfoFile': 'azureml-logs/process_info.json', 'ProcessStatusFile': 'azureml-logs/process_status.json'}
2021-01-30 20:50:40,813|azureml._SubmittedRun#ed36274c-7716-436e-aeb4-829929175a28.RunContextManager|DEBUG|Valid logs dir, setting up content loader
2021-01-30 20:50:40,813|azureml|WARNING|Could not import azureml.mlflow or azureml.contrib.mlflow mlflow APIs will not run against AzureML services.  Add azureml-mlflow as a conda dependency for the run if this behavior is desired
2021-01-30 20:50:40,813|azureml.WorkerPool|DEBUG|[START]
2021-01-30 20:50:40,814|azureml.SendRunKillSignal|DEBUG|[START]
2021-01-30 20:50:40,814|azureml.RunStatusContext|DEBUG|[START]
2021-01-30 20:50:40,814|azureml._SubmittedRun#ed36274c-7716-436e-aeb4-829929175a28.RunContextManager.RunStatusContext|DEBUG|[START]
2021-01-30 20:50:40,814|azureml.MetricsClient|DEBUG|[START]
2021-01-30 20:50:40,814|azureml._SubmittedRun#ed36274c-7716-436e-aeb4-829929175a28.RunHistoryFacade.MetricsClient|DEBUG|[START]
2021-01-30 20:50:40,814|azureml.WorkingDirectoryCM|DEBUG|[START]
2021-01-30 20:50:40,814|azureml.history._tracking.PythonWorkingDirectory.workingdir|DEBUG|[START]
2021-01-30 20:50:40,814|azureml.history._tracking.PythonWorkingDirectory|INFO|Current working dir: /mnt/batch/tasks/shared/LS_root/jobs/abhinav/azureml/ed36274c-7716-436e-aeb4-829929175a28/mounts/workspaceblobstore/azureml/ed36274c-7716-436e-aeb4-829929175a28
2021-01-30 20:50:40,814|azureml.history._tracking.PythonWorkingDirectory.workingdir|DEBUG|Calling pyfs
2021-01-30 20:50:40,814|azureml.history._tracking.PythonWorkingDirectory.workingdir|DEBUG|Storing working dir for pyfs as /mnt/batch/tasks/shared/LS_root/jobs/abhinav/azureml/ed36274c-7716-436e-aeb4-829929175a28/mounts/workspaceblobstore/azureml/ed36274c-7716-436e-aeb4-829929175a28
2021-01-30 20:50:43,130|azureml._restclient.service_context|DEBUG|Access an existing static threadpool for ServiceContext class
2021-01-30 20:50:43,130|azureml._base_sdk_common.service_discovery|DEBUG|Found history service url in environment variable AZUREML_SERVICE_ENDPOINT, history service url: https://eastus2.experiments.azureml.net.
2021-01-30 20:50:43,130|azureml._base_sdk_common.service_discovery|DEBUG|Found history service url in environment variable AZUREML_SERVICE_ENDPOINT, history service url: https://eastus2.experiments.azureml.net.
2021-01-30 20:50:43,131|azureml._base_sdk_common.service_discovery|DEBUG|Found history service url in environment variable AZUREML_SERVICE_ENDPOINT, history service url: https://eastus2.experiments.azureml.net.
2021-01-30 20:50:43,131|azureml._base_sdk_common.service_discovery|DEBUG|Found history service url in environment variable AZUREML_SERVICE_ENDPOINT, history service url: https://eastus2.experiments.azureml.net.
2021-01-30 20:50:43,131|azureml._base_sdk_common.service_discovery|DEBUG|Found history service url in environment variable AZUREML_SERVICE_ENDPOINT, history service url: https://eastus2.experiments.azureml.net.
2021-01-30 20:50:43,131|azureml._base_sdk_common.service_discovery|DEBUG|Found history service url in environment variable AZUREML_SERVICE_ENDPOINT, history service url: https://eastus2.experiments.azureml.net.
2021-01-30 20:50:43,131|azureml._base_sdk_common.service_discovery|DEBUG|Found history service url in environment variable AZUREML_SERVICE_ENDPOINT, history service url: https://eastus2.experiments.azureml.net.
2021-01-30 20:50:43,161|azureml._SubmittedRun#ed36274c-7716-436e-aeb4-829929175a28.RunHistoryFacade.RunClient.get_by_exp_id-async:False|DEBUG|[START]
2021-01-30 20:50:43,161|azureml._SubmittedRun#ed36274c-7716-436e-aeb4-829929175a28.RunHistoryFacade.RunClient|DEBUG|ClientBase: Calling get_by_exp_id with url /history/v1.0/subscriptions/{subscriptionId}/resourceGroups/{resourceGroupName}/providers/Microsoft.MachineLearningServices/workspaces/{workspaceName}/experimentids/{experimentId}/runs/{runId}
2021-01-30 20:50:43,665|azureml._SubmittedRun#ed36274c-7716-436e-aeb4-829929175a28.RunHistoryFacade.RunClient.get_by_exp_id-async:False|DEBUG|[STOP]
2021-01-30 20:50:43,666|azureml._SubmittedRun#ed36274c-7716-436e-aeb4-829929175a28|DEBUG|Constructing run from dto. type: azureml.StepRun, source: azureml.StepRun, props: {'ContentSnapshotId': '5c33941d-e218-45a6-9003-08f5bf594bf3', 'StepType': 'PythonScriptStep', 'ComputeTargetType': 'AmlCompute', 'azureml.moduleid': '7499bc71-15f9-5ef6-b237-f133a5a7bceb', 'azureml.runsource': 'azureml.StepRun', 'azureml.nodeid': 'f6a00f1a', 'azureml.pipelinerunid': 'fee3a3c8-0a37-4d4d-b33f-93b8751b046a', '_azureml.ComputeTargetType': 'amlcompute', 'ProcessInfoFile': 'azureml-logs/process_info.json', 'ProcessStatusFile': 'azureml-logs/process_status.json'}
2021-01-30 20:50:43,667|azureml._SubmittedRun#ed36274c-7716-436e-aeb4-829929175a28.RunContextManager|DEBUG|Valid logs dir, setting up content loader
2021-01-30 20:50:43,669|azureml._restclient.service_context|DEBUG|Access an existing static threadpool for ServiceContext class
2021-01-30 20:50:43,669|azureml._base_sdk_common.service_discovery|DEBUG|Found history service url in environment variable AZUREML_SERVICE_ENDPOINT, history service url: https://eastus2.experiments.azureml.net.
2021-01-30 20:50:43,670|azureml._base_sdk_common.service_discovery|DEBUG|Found history service url in environment variable AZUREML_SERVICE_ENDPOINT, history service url: https://eastus2.experiments.azureml.net.
2021-01-30 20:50:43,670|azureml._base_sdk_common.service_discovery|DEBUG|Found history service url in environment variable AZUREML_SERVICE_ENDPOINT, history service url: https://eastus2.experiments.azureml.net.
2021-01-30 20:50:43,670|azureml._base_sdk_common.service_discovery|DEBUG|Found history service url in environment variable AZUREML_SERVICE_ENDPOINT, history service url: https://eastus2.experiments.azureml.net.
2021-01-30 20:50:43,670|azureml._base_sdk_common.service_discovery|DEBUG|Found history service url in environment variable AZUREML_SERVICE_ENDPOINT, history service url: https://eastus2.experiments.azureml.net.
2021-01-30 20:50:43,670|azureml._base_sdk_common.service_discovery|DEBUG|Found history service url in environment variable AZUREML_SERVICE_ENDPOINT, history service url: https://eastus2.experiments.azureml.net.
2021-01-30 20:50:43,670|azureml._base_sdk_common.service_discovery|DEBUG|Found history service url in environment variable AZUREML_SERVICE_ENDPOINT, history service url: https://eastus2.experiments.azureml.net.
2021-01-30 20:50:46,509|azureml._SubmittedRun#ed36274c-7716-436e-aeb4-829929175a28.RunHistoryFacade.MetricsClient|DEBUG|Overrides: Max batch size: 50, batch cushion: 5, Interval: 1.
2021-01-30 20:50:46,509|azureml._SubmittedRun#ed36274c-7716-436e-aeb4-829929175a28.RunHistoryFacade.MetricsClient.PostMetricsBatchV2.PostMetricsBatchV2Daemon|DEBUG|Starting daemon and triggering first instance
2021-01-30 20:50:46,510|azureml._SubmittedRun#ed36274c-7716-436e-aeb4-829929175a28.RunHistoryFacade.MetricsClient|DEBUG|Used <class 'azureml._common.async_utils.batch_task_queue.BatchTaskQueue'> for use_batch=True.
2021-01-30 20:50:46,511|azureml._SubmittedRun#ed36274c-7716-436e-aeb4-829929175a28.RunHistoryFacade.MetricsClient.FlushingMetricsClient|DEBUG|[START]
2021-01-30 20:50:46,511|azureml._SubmittedRun#ed36274c-7716-436e-aeb4-829929175a28.RunHistoryFacade.MetricsClient|DEBUG|Overrides: Max batch size: 50, batch cushion: 5, Interval: 1.
2021-01-30 20:50:46,511|azureml._SubmittedRun#ed36274c-7716-436e-aeb4-829929175a28.RunHistoryFacade.MetricsClient.PostMetricsBatch.PostMetricsBatchDaemon|DEBUG|Starting daemon and triggering first instance
2021-01-30 20:50:46,512|azureml._SubmittedRun#ed36274c-7716-436e-aeb4-829929175a28.RunHistoryFacade.MetricsClient|DEBUG|Used <class 'azureml._common.async_utils.batch_task_queue.BatchTaskQueue'> for use_batch=True.
2021-01-30 20:50:46,512|azureml._SubmittedRun#ed36274c-7716-436e-aeb4-829929175a28.RunHistoryFacade.MetricsClient.PostMetricsBatch.WaitFlushSource:MetricsClient|DEBUG|[START]
2021-01-30 20:50:46,512|azureml._SubmittedRun#ed36274c-7716-436e-aeb4-829929175a28.RunHistoryFacade.MetricsClient.PostMetricsBatch.WaitFlushSource:MetricsClient|DEBUG|flush timeout 300 is different from task queue timeout 120, using flush timeout
2021-01-30 20:50:46,512|azureml._SubmittedRun#ed36274c-7716-436e-aeb4-829929175a28.RunHistoryFacade.MetricsClient.PostMetricsBatch.WaitFlushSource:MetricsClient|DEBUG|Waiting 300 seconds on tasks: [].
2021-01-30 20:50:46,512|azureml._SubmittedRun#ed36274c-7716-436e-aeb4-829929175a28.RunHistoryFacade.MetricsClient.PostMetricsBatch|DEBUG|
2021-01-30 20:50:46,512|azureml._SubmittedRun#ed36274c-7716-436e-aeb4-829929175a28.RunHistoryFacade.MetricsClient.PostMetricsBatch.WaitFlushSource:MetricsClient|DEBUG|[STOP]
2021-01-30 20:50:46,513|azureml.BatchTaskQueueAdd_1_Batches|DEBUG|[Start]
2021-01-30 20:50:46,513|azureml.BatchTaskQueueAdd_1_Batches.WorkerPool|DEBUG|submitting future: _handle_batch
2021-01-30 20:50:46,513|azureml._SubmittedRun#ed36274c-7716-436e-aeb4-829929175a28.RunHistoryFacade.MetricsClient.PostMetricsBatchV2|DEBUG|Batch size 10.
2021-01-30 20:50:46,513|azureml.BatchTaskQueueAdd_1_Batches.0__handle_batch|DEBUG|Using basic handler - no exception handling
2021-01-30 20:50:46,513|azureml._restclient.service_context.WorkerPool|DEBUG|submitting future: _log_batch_v2
2021-01-30 20:50:46,513|azureml.BatchTaskQueueAdd_1_Batches|DEBUG|Adding task 0__handle_batch to queue of approximate size: 0
2021-01-30 20:50:46,514|azureml._SubmittedRun#ed36274c-7716-436e-aeb4-829929175a28.RunHistoryFacade.MetricsClient|DEBUG|Metrics Client: _log_batch_v2 is calling post_run_metrics posting 10 values.
2021-01-30 20:50:46,515|azureml.BatchTaskQueueAdd_1_Batches|DEBUG|[Stop] - waiting default timeout
2021-01-30 20:50:46,515|azureml._SubmittedRun#ed36274c-7716-436e-aeb4-829929175a28.RunHistoryFacade.MetricsClient.PostMetricsBatchV2.0__log_batch_v2|DEBUG|Using basic handler - no exception handling
2021-01-30 20:50:46,516|azureml._SubmittedRun#ed36274c-7716-436e-aeb4-829929175a28.RunHistoryFacade.MetricsClient._post_run_metrics_log_failed_validations-async:False|DEBUG|[START]
2021-01-30 20:50:46,516|azureml.BatchTaskQueueAdd_1_Batches.WaitFlushSource:BatchTaskQueueAdd_1_Batches|DEBUG|[START]
2021-01-30 20:50:46,516|azureml._SubmittedRun#ed36274c-7716-436e-aeb4-829929175a28.RunHistoryFacade.MetricsClient.PostMetricsBatchV2|DEBUG|Adding task 0__log_batch_v2 to queue of approximate size: 0
2021-01-30 20:50:46,516|azureml._SubmittedRun#ed36274c-7716-436e-aeb4-829929175a28.RunHistoryFacade.MetricsClient|DEBUG|ClientBase: Calling _post_run_metrics_log_failed_validations with url None
2021-01-30 20:50:46,517|azureml.BatchTaskQueueAdd_1_Batches.WaitFlushSource:BatchTaskQueueAdd_1_Batches|DEBUG|Overriding default flush timeout from None to 120
2021-01-30 20:50:46,524|azureml.BatchTaskQueueAdd_1_Batches.WaitFlushSource:BatchTaskQueueAdd_1_Batches|DEBUG|Waiting 120 seconds on tasks: [AsyncTask(0__handle_batch)].
2021-01-30 20:50:46,524|azureml.BatchTaskQueueAdd_1_Batches.0__handle_batch.WaitingTask|DEBUG|[START]
2021-01-30 20:50:46,524|azureml.BatchTaskQueueAdd_1_Batches.0__handle_batch.WaitingTask|DEBUG|Awaiter is BatchTaskQueueAdd_1_Batches
2021-01-30 20:50:46,524|azureml.BatchTaskQueueAdd_1_Batches.0__handle_batch.WaitingTask|DEBUG|[STOP]
2021-01-30 20:50:46,524|azureml.BatchTaskQueueAdd_1_Batches|DEBUG|
2021-01-30 20:50:46,524|azureml.BatchTaskQueueAdd_1_Batches.WaitFlushSource:BatchTaskQueueAdd_1_Batches|DEBUG|[STOP]
2021-01-30 20:50:46,524|azureml._SubmittedRun#ed36274c-7716-436e-aeb4-829929175a28.RunHistoryFacade.MetricsClient.PostMetricsBatchV2.WaitFlushSource:MetricsClient|DEBUG|[START]
2021-01-30 20:50:46,524|azureml._SubmittedRun#ed36274c-7716-436e-aeb4-829929175a28.RunHistoryFacade.MetricsClient.PostMetricsBatchV2.WaitFlushSource:MetricsClient|DEBUG|flush timeout 300 is different from task queue timeout 120, using flush timeout
2021-01-30 20:50:46,524|azureml._SubmittedRun#ed36274c-7716-436e-aeb4-829929175a28.RunHistoryFacade.MetricsClient.PostMetricsBatchV2.WaitFlushSource:MetricsClient|DEBUG|Waiting 300 seconds on tasks: [AsyncTask(0__log_batch_v2)].
2021-01-30 20:50:46,816|azureml._SubmittedRun#ed36274c-7716-436e-aeb4-829929175a28.RunHistoryFacade.MetricsClient._post_run_metrics_log_failed_validations-async:False|DEBUG|[STOP]
2021-01-30 20:50:47,025|azureml._SubmittedRun#ed36274c-7716-436e-aeb4-829929175a28.RunHistoryFacade.MetricsClient.PostMetricsBatchV2.0__log_batch_v2.WaitingTask|DEBUG|[START]
2021-01-30 20:50:47,026|azureml._SubmittedRun#ed36274c-7716-436e-aeb4-829929175a28.RunHistoryFacade.MetricsClient.PostMetricsBatchV2.0__log_batch_v2.WaitingTask|DEBUG|Awaiter is PostMetricsBatchV2
2021-01-30 20:50:47,026|azureml._SubmittedRun#ed36274c-7716-436e-aeb4-829929175a28.RunHistoryFacade.MetricsClient.PostMetricsBatchV2.0__log_batch_v2.WaitingTask|DEBUG|[STOP]
2021-01-30 20:50:47,026|azureml._SubmittedRun#ed36274c-7716-436e-aeb4-829929175a28.RunHistoryFacade.MetricsClient.PostMetricsBatchV2|DEBUG|Waiting on task: 0__log_batch_v2.
1 tasks left. Current duration of flush 0.00011587142944335938 seconds.
Waiting on task: 0__log_batch_v2.
1 tasks left. Current duration of flush 0.25051426887512207 seconds.

2021-01-30 20:50:47,026|azureml._SubmittedRun#ed36274c-7716-436e-aeb4-829929175a28.RunHistoryFacade.MetricsClient.PostMetricsBatchV2.WaitFlushSource:MetricsClient|DEBUG|[STOP]
2021-01-30 20:50:47,026|azureml._SubmittedRun#ed36274c-7716-436e-aeb4-829929175a28.RunHistoryFacade.MetricsClient.FlushingMetricsClient|DEBUG|[STOP]
2021-01-30 20:50:47,026|azureml._SubmittedRun#ed36274c-7716-436e-aeb4-829929175a28.RunHistoryFacade.MetricsClient.wait_on_ingest-async:False|DEBUG|[START]
2021-01-30 20:50:47,027|azureml._SubmittedRun#ed36274c-7716-436e-aeb4-829929175a28.RunHistoryFacade.MetricsClient|DEBUG|ClientBase: Calling wait_on_ingest with url /history/v1.0/subscriptions/{subscriptionId}/resourceGroups/{resourceGroupName}/providers/Microsoft.MachineLearningServices/workspaces/{workspaceName}/experiments/{experimentName}/runs/{runId}/metricsingest/wait
2021-01-30 20:50:47,096|azureml._SubmittedRun#ed36274c-7716-436e-aeb4-829929175a28.RunHistoryFacade.MetricsClient.wait_on_ingest-async:False|DEBUG|[STOP]
2021-01-30 20:50:52,102|azureml._restclient.clientbase|DEBUG|ClientBase: Calling update_status with url None
2021-01-30 20:50:55,916|azureml._restclient.service_context|DEBUG|Access an existing static threadpool for ServiceContext class
2021-01-30 20:50:55,916|azureml._base_sdk_common.service_discovery|DEBUG|Found history service url in environment variable AZUREML_SERVICE_ENDPOINT, history service url: https://eastus2.experiments.azureml.net.
2021-01-30 20:50:55,916|azureml._base_sdk_common.service_discovery|DEBUG|Found history service url in environment variable AZUREML_SERVICE_ENDPOINT, history service url: https://eastus2.experiments.azureml.net.
2021-01-30 20:50:55,916|azureml._base_sdk_common.service_discovery|DEBUG|Found history service url in environment variable AZUREML_SERVICE_ENDPOINT, history service url: https://eastus2.experiments.azureml.net.
2021-01-30 20:50:55,916|azureml._base_sdk_common.service_discovery|DEBUG|Found history service url in environment variable AZUREML_SERVICE_ENDPOINT, history service url: https://eastus2.experiments.azureml.net.
2021-01-30 20:50:55,917|azureml._base_sdk_common.service_discovery|DEBUG|Found history service url in environment variable AZUREML_SERVICE_ENDPOINT, history service url: https://eastus2.experiments.azureml.net.
2021-01-30 20:50:55,917|azureml._base_sdk_common.service_discovery|DEBUG|Found history service url in environment variable AZUREML_SERVICE_ENDPOINT, history service url: https://eastus2.experiments.azureml.net.
2021-01-30 20:50:55,917|azureml._base_sdk_common.service_discovery|DEBUG|Found history service url in environment variable AZUREML_SERVICE_ENDPOINT, history service url: https://eastus2.experiments.azureml.net.
2021-01-30 20:50:55,924|azureml._SubmittedRun#ed36274c-7716-436e-aeb4-829929175a28.RunHistoryFacade.ArtifactsClient|DEBUG|Called upload_artifact
2021-01-30 20:50:55,924|azureml._SubmittedRun#ed36274c-7716-436e-aeb4-829929175a28.RunHistoryFacade.ArtifactsClient|DEBUG|Uploading io artifact
2021-01-30 20:50:55,924|azureml._SubmittedRun#ed36274c-7716-436e-aeb4-829929175a28.RunHistoryFacade.ArtifactsClient.batch_create_empty_artifacts-async:False|DEBUG|[START]
2021-01-30 20:50:55,924|azureml._SubmittedRun#ed36274c-7716-436e-aeb4-829929175a28.RunHistoryFacade.ArtifactsClient|DEBUG|ClientBase: Calling batch_create_empty_artifacts with url /artifact/v2.0/subscriptions/{subscriptionId}/resourceGroups/{resourceGroupName}/providers/Microsoft.MachineLearningServices/workspaces/{workspaceName}/artifacts/batch/metadata/{origin}/{container}
2021-01-30 20:50:56,085|azureml._SubmittedRun#ed36274c-7716-436e-aeb4-829929175a28.RunHistoryFacade.ArtifactsClient.batch_create_empty_artifacts-async:False|DEBUG|[STOP]
2021-01-30 20:50:56,086|azureml._restclient.clientbase|DEBUG|ClientBase: Calling create_blob_from_stream with url None
2021-01-30 20:50:56,143|azureml._file_utils.upload|DEBUG|Uploaded blob ExperimentRun/dcid.ed36274c-7716-436e-aeb4-829929175a28/module_statistics/error_info.json with size 23.
2021-01-30 20:50:56,157|azureml.history._tracking.PythonWorkingDirectory.workingdir|DEBUG|Calling pyfs
2021-01-30 20:50:56,157|azureml.history._tracking.PythonWorkingDirectory|INFO|Current working dir: /mnt/batch/tasks/shared/LS_root/jobs/abhinav/azureml/ed36274c-7716-436e-aeb4-829929175a28/mounts/workspaceblobstore/azureml/ed36274c-7716-436e-aeb4-829929175a28
2021-01-30 20:50:56,157|azureml.history._tracking.PythonWorkingDirectory.workingdir|DEBUG|Reverting working dir from /mnt/batch/tasks/shared/LS_root/jobs/abhinav/azureml/ed36274c-7716-436e-aeb4-829929175a28/mounts/workspaceblobstore/azureml/ed36274c-7716-436e-aeb4-829929175a28 to /mnt/batch/tasks/shared/LS_root/jobs/abhinav/azureml/ed36274c-7716-436e-aeb4-829929175a28/mounts/workspaceblobstore/azureml/ed36274c-7716-436e-aeb4-829929175a28
2021-01-30 20:50:56,157|azureml.history._tracking.PythonWorkingDirectory|INFO|Working dir is already updated /mnt/batch/tasks/shared/LS_root/jobs/abhinav/azureml/ed36274c-7716-436e-aeb4-829929175a28/mounts/workspaceblobstore/azureml/ed36274c-7716-436e-aeb4-829929175a28
2021-01-30 20:50:56,157|azureml.history._tracking.PythonWorkingDirectory.workingdir|DEBUG|[STOP]
2021-01-30 20:50:56,157|azureml.WorkingDirectoryCM|DEBUG|[STOP]
2021-01-30 20:50:56,157|azureml._SubmittedRun#ed36274c-7716-436e-aeb4-829929175a28.RunHistoryFacade.MetricsClient.FlushingMetricsClient|DEBUG|[START]
2021-01-30 20:50:56,157|azureml._SubmittedRun#ed36274c-7716-436e-aeb4-829929175a28.RunHistoryFacade.MetricsClient|DEBUG|Overrides: Max batch size: 50, batch cushion: 5, Interval: 1.
2021-01-30 20:50:56,157|azureml._SubmittedRun#ed36274c-7716-436e-aeb4-829929175a28.RunHistoryFacade.MetricsClient.PostMetricsBatch.PostMetricsBatchDaemon|DEBUG|Starting daemon and triggering first instance
2021-01-30 20:50:56,158|azureml._SubmittedRun#ed36274c-7716-436e-aeb4-829929175a28.RunHistoryFacade.MetricsClient|DEBUG|Used <class 'azureml._common.async_utils.batch_task_queue.BatchTaskQueue'> for use_batch=True.
2021-01-30 20:50:56,158|azureml._SubmittedRun#ed36274c-7716-436e-aeb4-829929175a28.RunHistoryFacade.MetricsClient.PostMetricsBatch.WaitFlushSource:MetricsClient|DEBUG|[START]
2021-01-30 20:50:56,158|azureml._SubmittedRun#ed36274c-7716-436e-aeb4-829929175a28.RunHistoryFacade.MetricsClient.PostMetricsBatch.WaitFlushSource:MetricsClient|DEBUG|flush timeout 120 is different from task queue timeout 120, using flush timeout
2021-01-30 20:50:56,158|azureml._SubmittedRun#ed36274c-7716-436e-aeb4-829929175a28.RunHistoryFacade.MetricsClient.PostMetricsBatch.WaitFlushSource:MetricsClient|DEBUG|Waiting 120 seconds on tasks: [].
2021-01-30 20:50:56,158|azureml._SubmittedRun#ed36274c-7716-436e-aeb4-829929175a28.RunHistoryFacade.MetricsClient.PostMetricsBatch|DEBUG|
2021-01-30 20:50:56,158|azureml._SubmittedRun#ed36274c-7716-436e-aeb4-829929175a28.RunHistoryFacade.MetricsClient.PostMetricsBatch.WaitFlushSource:MetricsClient|DEBUG|[STOP]
2021-01-30 20:50:56,158|azureml._SubmittedRun#ed36274c-7716-436e-aeb4-829929175a28.RunHistoryFacade.MetricsClient|DEBUG|Overrides: Max batch size: 50, batch cushion: 5, Interval: 1.
2021-01-30 20:50:56,158|azureml._SubmittedRun#ed36274c-7716-436e-aeb4-829929175a28.RunHistoryFacade.MetricsClient.PostMetricsBatchV2.PostMetricsBatchV2Daemon|DEBUG|Starting daemon and triggering first instance
2021-01-30 20:50:56,159|azureml._SubmittedRun#ed36274c-7716-436e-aeb4-829929175a28.RunHistoryFacade.MetricsClient|DEBUG|Used <class 'azureml._common.async_utils.batch_task_queue.BatchTaskQueue'> for use_batch=True.
2021-01-30 20:50:56,159|azureml._SubmittedRun#ed36274c-7716-436e-aeb4-829929175a28.RunHistoryFacade.MetricsClient.PostMetricsBatchV2.WaitFlushSource:MetricsClient|DEBUG|[START]
2021-01-30 20:50:56,159|azureml._SubmittedRun#ed36274c-7716-436e-aeb4-829929175a28.RunHistoryFacade.MetricsClient.PostMetricsBatchV2.WaitFlushSource:MetricsClient|DEBUG|flush timeout 120 is different from task queue timeout 120, using flush timeout
2021-01-30 20:50:56,159|azureml._SubmittedRun#ed36274c-7716-436e-aeb4-829929175a28.RunHistoryFacade.MetricsClient.PostMetricsBatchV2.WaitFlushSource:MetricsClient|DEBUG|Waiting 120 seconds on tasks: [].
2021-01-30 20:50:56,159|azureml._SubmittedRun#ed36274c-7716-436e-aeb4-829929175a28.RunHistoryFacade.MetricsClient.PostMetricsBatchV2|DEBUG|
2021-01-30 20:50:56,159|azureml._SubmittedRun#ed36274c-7716-436e-aeb4-829929175a28.RunHistoryFacade.MetricsClient.PostMetricsBatchV2.WaitFlushSource:MetricsClient|DEBUG|[STOP]
2021-01-30 20:50:56,159|azureml._SubmittedRun#ed36274c-7716-436e-aeb4-829929175a28.RunHistoryFacade.MetricsClient.FlushingMetricsClient|DEBUG|[STOP]
2021-01-30 20:50:56,159|azureml._SubmittedRun#ed36274c-7716-436e-aeb4-829929175a28.RunHistoryFacade.MetricsClient.wait_on_ingest-async:False|DEBUG|[START]
2021-01-30 20:50:56,159|azureml._SubmittedRun#ed36274c-7716-436e-aeb4-829929175a28.RunHistoryFacade.MetricsClient|DEBUG|ClientBase: Calling wait_on_ingest with url /history/v1.0/subscriptions/{subscriptionId}/resourceGroups/{resourceGroupName}/providers/Microsoft.MachineLearningServices/workspaces/{workspaceName}/experiments/{experimentName}/runs/{runId}/metricsingest/wait
2021-01-30 20:50:56,223|azureml._SubmittedRun#ed36274c-7716-436e-aeb4-829929175a28.RunHistoryFacade.MetricsClient.wait_on_ingest-async:False|DEBUG|[STOP]
2021-01-30 20:50:56,223|azureml._SubmittedRun#ed36274c-7716-436e-aeb4-829929175a28.RunHistoryFacade.MetricsClient|DEBUG|[STOP]
2021-01-30 20:50:56,223|azureml.MetricsClient|DEBUG|[STOP]
2021-01-30 20:50:56,223|azureml._SubmittedRun#ed36274c-7716-436e-aeb4-829929175a28.RunHistoryFacade.MetricsClient.FlushingMetricsClient|DEBUG|[START]
2021-01-30 20:50:56,224|azureml._SubmittedRun#ed36274c-7716-436e-aeb4-829929175a28.RunHistoryFacade.MetricsClient.PostMetricsBatch.WaitFlushSource:MetricsClient|DEBUG|[START]
2021-01-30 20:50:56,224|azureml._SubmittedRun#ed36274c-7716-436e-aeb4-829929175a28.RunHistoryFacade.MetricsClient.PostMetricsBatch.WaitFlushSource:MetricsClient|DEBUG|flush timeout 300 is different from task queue timeout 120, using flush timeout
2021-01-30 20:50:56,224|azureml._SubmittedRun#ed36274c-7716-436e-aeb4-829929175a28.RunHistoryFacade.MetricsClient.PostMetricsBatch.WaitFlushSource:MetricsClient|DEBUG|Waiting 300 seconds on tasks: [].
2021-01-30 20:50:56,224|azureml._SubmittedRun#ed36274c-7716-436e-aeb4-829929175a28.RunHistoryFacade.MetricsClient.PostMetricsBatch|DEBUG|
2021-01-30 20:50:56,224|azureml._SubmittedRun#ed36274c-7716-436e-aeb4-829929175a28.RunHistoryFacade.MetricsClient.PostMetricsBatch.WaitFlushSource:MetricsClient|DEBUG|[STOP]
2021-01-30 20:50:56,224|azureml._SubmittedRun#ed36274c-7716-436e-aeb4-829929175a28.RunHistoryFacade.MetricsClient.PostMetricsBatchV2.WaitFlushSource:MetricsClient|DEBUG|[START]
2021-01-30 20:50:56,224|azureml._SubmittedRun#ed36274c-7716-436e-aeb4-829929175a28.RunHistoryFacade.MetricsClient.PostMetricsBatchV2.WaitFlushSource:MetricsClient|DEBUG|flush timeout 300 is different from task queue timeout 120, using flush timeout
2021-01-30 20:50:56,224|azureml._SubmittedRun#ed36274c-7716-436e-aeb4-829929175a28.RunHistoryFacade.MetricsClient.PostMetricsBatchV2.WaitFlushSource:MetricsClient|DEBUG|Waiting 300 seconds on tasks: [].
2021-01-30 20:50:56,224|azureml._SubmittedRun#ed36274c-7716-436e-aeb4-829929175a28.RunHistoryFacade.MetricsClient.PostMetricsBatchV2|DEBUG|
2021-01-30 20:50:56,225|azureml._SubmittedRun#ed36274c-7716-436e-aeb4-829929175a28.RunHistoryFacade.MetricsClient.PostMetricsBatchV2.WaitFlushSource:MetricsClient|DEBUG|[STOP]
2021-01-30 20:50:56,225|azureml._SubmittedRun#ed36274c-7716-436e-aeb4-829929175a28.RunHistoryFacade.MetricsClient.FlushingMetricsClient|DEBUG|[STOP]
2021-01-30 20:50:56,225|azureml._SubmittedRun#ed36274c-7716-436e-aeb4-829929175a28.RunHistoryFacade.MetricsClient.wait_on_ingest-async:False|DEBUG|[START]
2021-01-30 20:50:56,225|azureml._SubmittedRun#ed36274c-7716-436e-aeb4-829929175a28.RunHistoryFacade.MetricsClient|DEBUG|ClientBase: Calling wait_on_ingest with url /history/v1.0/subscriptions/{subscriptionId}/resourceGroups/{resourceGroupName}/providers/Microsoft.MachineLearningServices/workspaces/{workspaceName}/experiments/{experimentName}/runs/{runId}/metricsingest/wait
2021-01-30 20:50:56,284|azureml._SubmittedRun#ed36274c-7716-436e-aeb4-829929175a28.RunHistoryFacade.MetricsClient.wait_on_ingest-async:False|DEBUG|[STOP]
2021-01-30 20:50:56,285|azureml.RunStatusContext|DEBUG|[STOP]
2021-01-30 20:50:56,285|azureml._SubmittedRun#ed36274c-7716-436e-aeb4-829929175a28.RunHistoryFacade.MetricsClient.FlushingMetricsClient|DEBUG|[START]
2021-01-30 20:50:56,285|azureml._SubmittedRun#ed36274c-7716-436e-aeb4-829929175a28.RunHistoryFacade.MetricsClient.PostMetricsBatch.WaitFlushSource:MetricsClient|DEBUG|[START]
2021-01-30 20:50:56,285|azureml._SubmittedRun#ed36274c-7716-436e-aeb4-829929175a28.RunHistoryFacade.MetricsClient.PostMetricsBatch.WaitFlushSource:MetricsClient|DEBUG|flush timeout 900.0 is different from task queue timeout 120, using flush timeout
2021-01-30 20:50:56,286|azureml._SubmittedRun#ed36274c-7716-436e-aeb4-829929175a28.RunHistoryFacade.MetricsClient.PostMetricsBatch.WaitFlushSource:MetricsClient|DEBUG|Waiting 900.0 seconds on tasks: [].
2021-01-30 20:50:56,286|azureml._SubmittedRun#ed36274c-7716-436e-aeb4-829929175a28.RunHistoryFacade.MetricsClient.PostMetricsBatch|DEBUG|
2021-01-30 20:50:56,286|azureml._SubmittedRun#ed36274c-7716-436e-aeb4-829929175a28.RunHistoryFacade.MetricsClient.PostMetricsBatch.WaitFlushSource:MetricsClient|DEBUG|[STOP]
2021-01-30 20:50:56,286|azureml._SubmittedRun#ed36274c-7716-436e-aeb4-829929175a28.RunHistoryFacade.MetricsClient.PostMetricsBatchV2.WaitFlushSource:MetricsClient|DEBUG|[START]
2021-01-30 20:50:56,286|azureml._SubmittedRun#ed36274c-7716-436e-aeb4-829929175a28.RunHistoryFacade.MetricsClient.PostMetricsBatchV2.WaitFlushSource:MetricsClient|DEBUG|flush timeout 900.0 is different from task queue timeout 120, using flush timeout
2021-01-30 20:50:56,286|azureml._SubmittedRun#ed36274c-7716-436e-aeb4-829929175a28.RunHistoryFacade.MetricsClient.PostMetricsBatchV2.WaitFlushSource:MetricsClient|DEBUG|Waiting 900.0 seconds on tasks: [].
2021-01-30 20:50:56,287|azureml._SubmittedRun#ed36274c-7716-436e-aeb4-829929175a28.RunHistoryFacade.MetricsClient.PostMetricsBatchV2|DEBUG|
2021-01-30 20:50:56,287|azureml._SubmittedRun#ed36274c-7716-436e-aeb4-829929175a28.RunHistoryFacade.MetricsClient.PostMetricsBatchV2.WaitFlushSource:MetricsClient|DEBUG|[STOP]
2021-01-30 20:50:56,287|azureml._SubmittedRun#ed36274c-7716-436e-aeb4-829929175a28.RunHistoryFacade.MetricsClient.FlushingMetricsClient|DEBUG|[STOP]
2021-01-30 20:50:56,287|azureml._SubmittedRun#ed36274c-7716-436e-aeb4-829929175a28.RunHistoryFacade.MetricsClient.wait_on_ingest-async:False|DEBUG|[START]
2021-01-30 20:50:56,287|azureml._SubmittedRun#ed36274c-7716-436e-aeb4-829929175a28.RunHistoryFacade.MetricsClient|DEBUG|ClientBase: Calling wait_on_ingest with url /history/v1.0/subscriptions/{subscriptionId}/resourceGroups/{resourceGroupName}/providers/Microsoft.MachineLearningServices/workspaces/{workspaceName}/experiments/{experimentName}/runs/{runId}/metricsingest/wait
2021-01-30 20:50:56,973|azureml._SubmittedRun#ed36274c-7716-436e-aeb4-829929175a28.RunHistoryFacade.MetricsClient.wait_on_ingest-async:False|DEBUG|[STOP]
2021-01-30 20:50:56,973|azureml._SubmittedRun#ed36274c-7716-436e-aeb4-829929175a28.RunHistoryFacade.MetricsClient.FlushingMetricsClient|DEBUG|[START]
2021-01-30 20:50:56,973|azureml._SubmittedRun#ed36274c-7716-436e-aeb4-829929175a28.RunHistoryFacade.MetricsClient.PostMetricsBatch.WaitFlushSource:MetricsClient|DEBUG|[START]
2021-01-30 20:50:56,974|azureml._SubmittedRun#ed36274c-7716-436e-aeb4-829929175a28.RunHistoryFacade.MetricsClient.PostMetricsBatch.WaitFlushSource:MetricsClient|DEBUG|flush timeout 900.0 is different from task queue timeout 120, using flush timeout
2021-01-30 20:50:56,974|azureml._SubmittedRun#ed36274c-7716-436e-aeb4-829929175a28.RunHistoryFacade.MetricsClient.PostMetricsBatch.WaitFlushSource:MetricsClient|DEBUG|Waiting 900.0 seconds on tasks: [].
2021-01-30 20:50:56,974|azureml._SubmittedRun#ed36274c-7716-436e-aeb4-829929175a28.RunHistoryFacade.MetricsClient.PostMetricsBatch|DEBUG|
2021-01-30 20:50:56,974|azureml._SubmittedRun#ed36274c-7716-436e-aeb4-829929175a28.RunHistoryFacade.MetricsClient.PostMetricsBatch.WaitFlushSource:MetricsClient|DEBUG|[STOP]
2021-01-30 20:50:56,974|azureml._SubmittedRun#ed36274c-7716-436e-aeb4-829929175a28.RunHistoryFacade.MetricsClient.PostMetricsBatchV2.WaitFlushSource:MetricsClient|DEBUG|[START]
2021-01-30 20:50:56,974|azureml._SubmittedRun#ed36274c-7716-436e-aeb4-829929175a28.RunHistoryFacade.MetricsClient.PostMetricsBatchV2.WaitFlushSource:MetricsClient|DEBUG|flush timeout 900.0 is different from task queue timeout 120, using flush timeout
2021-01-30 20:50:56,974|azureml._SubmittedRun#ed36274c-7716-436e-aeb4-829929175a28.RunHistoryFacade.MetricsClient.PostMetricsBatchV2.WaitFlushSource:MetricsClient|DEBUG|Waiting 900.0 seconds on tasks: [].
2021-01-30 20:50:56,974|azureml._SubmittedRun#ed36274c-7716-436e-aeb4-829929175a28.RunHistoryFacade.MetricsClient.PostMetricsBatchV2|DEBUG|
2021-01-30 20:50:56,974|azureml._SubmittedRun#ed36274c-7716-436e-aeb4-829929175a28.RunHistoryFacade.MetricsClient.PostMetricsBatchV2.WaitFlushSource:MetricsClient|DEBUG|[STOP]
2021-01-30 20:50:56,975|azureml._SubmittedRun#ed36274c-7716-436e-aeb4-829929175a28.RunHistoryFacade.MetricsClient.FlushingMetricsClient|DEBUG|[STOP]
2021-01-30 20:50:56,975|azureml._SubmittedRun#ed36274c-7716-436e-aeb4-829929175a28.RunHistoryFacade.MetricsClient.wait_on_ingest-async:False|DEBUG|[START]
2021-01-30 20:50:56,975|azureml._SubmittedRun#ed36274c-7716-436e-aeb4-829929175a28.RunHistoryFacade.MetricsClient|DEBUG|ClientBase: Calling wait_on_ingest with url /history/v1.0/subscriptions/{subscriptionId}/resourceGroups/{resourceGroupName}/providers/Microsoft.MachineLearningServices/workspaces/{workspaceName}/experiments/{experimentName}/runs/{runId}/metricsingest/wait
2021-01-30 20:50:57,060|azureml._SubmittedRun#ed36274c-7716-436e-aeb4-829929175a28.RunHistoryFacade.MetricsClient.wait_on_ingest-async:False|DEBUG|[STOP]
2021-01-30 20:50:57,060|azureml.SendRunKillSignal|DEBUG|[STOP]
2021-01-30 20:50:57,060|azureml.HistoryTrackingWorkerPool.WorkerPoolShutdown|DEBUG|[START]
2021-01-30 20:50:57,060|azureml.HistoryTrackingWorkerPool.WorkerPoolShutdown|DEBUG|[STOP]
2021-01-30 20:50:57,061|azureml.WorkerPool|DEBUG|[STOP]
