2021-01-30 20:51:00,923|azureml|DEBUG|Execute Job Release Inputs:: kwargs: {'disable_output_upload': True}, track_folders: None, deny_list: None, directories_to_watch: []
2021-01-30 20:51:00,924|azureml.history._tracking.PythonWorkingDirectory|DEBUG|Execution target type: batchai
2021-01-30 20:51:00,924|azureml.history._tracking.PythonWorkingDirectory|DEBUG|Failed to import pyspark with error: No module named 'pyspark'
2021-01-30 20:51:00,924|azureml.history._tracking.PythonWorkingDirectory.workingdir|DEBUG|Pinning working directory for filesystems: ['pyfs']
2021-01-30 20:51:00,927|azureml._vendor.azure_cli_core.azureml_cloud|DEBUG|Start : Loading cloud metatdata
2021-01-30 20:51:00,927|azureml._vendor.azure_cli_core.azureml_cloud|DEBUG|Start : Loading cloud metatdata from the url specified by https://management.azure.com/metadata/endpoints?api-version=2019-05-01
2021-01-30 20:51:00,966|azureml._vendor.azure_cli_core.azureml_cloud|DEBUG|Finish : Loading cloud metatdata from the url specified by https://management.azure.com/metadata/endpoints?api-version=2019-05-01
2021-01-30 20:51:00,966|azureml._vendor.azure_cli_core.azureml_cloud|DEBUG|Finish : Loading cloud metatdata
2021-01-30 20:51:00,967|azureml.core.authentication.TokenRefresherDaemon|DEBUG|Starting daemon and triggering first instance
2021-01-30 20:51:00,973|azureml._restclient.clientbase|INFO|Created a worker pool for first use
2021-01-30 20:51:00,974|azureml.core.authentication|DEBUG|Time to expire 1814328.02583 seconds
2021-01-30 20:51:00,974|azureml._restclient.service_context|DEBUG|Created a static thread pool for ServiceContext class
2021-01-30 20:51:00,975|azureml._base_sdk_common.service_discovery|DEBUG|Found history service url in environment variable AZUREML_SERVICE_ENDPOINT, history service url: https://eastus2.experiments.azureml.net.
2021-01-30 20:51:00,975|azureml._base_sdk_common.service_discovery|DEBUG|Found history service url in environment variable AZUREML_SERVICE_ENDPOINT, history service url: https://eastus2.experiments.azureml.net.
2021-01-30 20:51:00,975|azureml._base_sdk_common.service_discovery|DEBUG|Found history service url in environment variable AZUREML_SERVICE_ENDPOINT, history service url: https://eastus2.experiments.azureml.net.
2021-01-30 20:51:00,975|azureml._base_sdk_common.service_discovery|DEBUG|Found history service url in environment variable AZUREML_SERVICE_ENDPOINT, history service url: https://eastus2.experiments.azureml.net.
2021-01-30 20:51:00,976|azureml._base_sdk_common.service_discovery|DEBUG|Found history service url in environment variable AZUREML_SERVICE_ENDPOINT, history service url: https://eastus2.experiments.azureml.net.
2021-01-30 20:51:00,976|azureml._base_sdk_common.service_discovery|DEBUG|Found history service url in environment variable AZUREML_SERVICE_ENDPOINT, history service url: https://eastus2.experiments.azureml.net.
2021-01-30 20:51:00,976|azureml._base_sdk_common.service_discovery|DEBUG|Found history service url in environment variable AZUREML_SERVICE_ENDPOINT, history service url: https://eastus2.experiments.azureml.net.
2021-01-30 20:51:01,011|azureml._SubmittedRun#ed36274c-7716-436e-aeb4-829929175a28.RunHistoryFacade.RunClient.get_by_exp_id-async:False|DEBUG|[START]
2021-01-30 20:51:01,016|azureml._SubmittedRun#ed36274c-7716-436e-aeb4-829929175a28.RunHistoryFacade.RunClient|DEBUG|ClientBase: Calling get_by_exp_id with url /history/v1.0/subscriptions/{subscriptionId}/resourceGroups/{resourceGroupName}/providers/Microsoft.MachineLearningServices/workspaces/{workspaceName}/experimentids/{experimentId}/runs/{runId}
2021-01-30 20:51:01,112|azureml._SubmittedRun#ed36274c-7716-436e-aeb4-829929175a28.RunHistoryFacade.RunClient.get_by_exp_id-async:False|DEBUG|[STOP]
2021-01-30 20:51:01,114|azureml._SubmittedRun#ed36274c-7716-436e-aeb4-829929175a28|DEBUG|Constructing run from dto. type: azureml.StepRun, source: azureml.StepRun, props: {'ContentSnapshotId': '5c33941d-e218-45a6-9003-08f5bf594bf3', 'StepType': 'PythonScriptStep', 'ComputeTargetType': 'AmlCompute', 'azureml.moduleid': '7499bc71-15f9-5ef6-b237-f133a5a7bceb', 'azureml.runsource': 'azureml.StepRun', 'azureml.nodeid': 'f6a00f1a', 'azureml.pipelinerunid': 'fee3a3c8-0a37-4d4d-b33f-93b8751b046a', '_azureml.ComputeTargetType': 'amlcompute', 'ProcessInfoFile': 'azureml-logs/process_info.json', 'ProcessStatusFile': 'azureml-logs/process_status.json'}
2021-01-30 20:51:01,114|azureml._SubmittedRun#ed36274c-7716-436e-aeb4-829929175a28.RunContextManager|DEBUG|Valid logs dir, setting up content loader
2021-01-30 20:51:01,114|azureml.WorkerPool|DEBUG|[START]
2021-01-30 20:51:01,115|azureml.TrackFolders|DEBUG|[START]
2021-01-30 20:51:01,115|azureml|DEBUG|Executing history release.
2021-01-30 20:51:01,115|azureml.history._tracking.PythonWorkingDirectory.workingdir|DEBUG|Uploading tracked directories: [], excluding ['azureml-logs/driver_log']
2021-01-30 20:51:01,115|azureml.history._tracking.PythonWorkingDirectory.workingdir|DEBUG|Calling track for pyfs
2021-01-30 20:51:01,115|azureml.TrackFolders|DEBUG|[STOP]
2021-01-30 20:51:01,115|azureml.HistoryTrackingWorkerPool.WorkerPoolShutdown|DEBUG|[START]
2021-01-30 20:51:01,115|azureml.HistoryTrackingWorkerPool.WorkerPoolShutdown|DEBUG|[STOP]
2021-01-30 20:51:01,115|azureml.WorkerPool|DEBUG|[STOP]
2021-01-30 20:51:02,995|azureml.sidecar.try_add_control_script_to_path|DEBUG|Adding ES Control Scripts to sys.path: /mnt/batch/tasks/shared/LS_root/[27a06a9e3d5e7f67eb604a39536208c9]/[ba1d63b653b24a565ed436a0cfc5b3c9]/azureml/[86dffd1b70173ae7ed788fc7b696c312]/mounts/workspaceblobstore/azureml/[9beccfdd03225761575edff8095d49c9]
2021-01-30 20:51:02,996|azureml.sidecar.TaskRegistry|DEBUG|Registering handler for task "enter_contexts"
2021-01-30 20:51:03,003|azureml.sidecar.TaskRegistry|DEBUG|Registering handler for task "exit_contexts"
2021-01-30 20:51:03,006|azureml.sidecar.set_run_wd|DEBUG|Changing working dir to: /mnt/hostfs/mnt/batch/tasks/shared/LS_root/[27a06a9e3d5e7f67eb604a39536208c9]/[ba1d63b653b24a565ed436a0cfc5b3c9]/azureml/[86dffd1b70173ae7ed788fc7b696c312]/mounts/workspaceblobstore/azureml/[86dffd1b70173ae7ed788fc7b696c312]
2021-01-30 20:51:03,007|azureml.sidecar.sidecar|INFO|Received task: exit_contexts. Running on Linux at /mnt/hostfs/mnt/batch/tasks/shared/LS_root/[27a06a9e3d5e7f67eb604a39536208c9]/[ba1d63b653b24a565ed436a0cfc5b3c9]/azureml/[86dffd1b70173ae7ed788fc7b696c312]/mounts/workspaceblobstore/azureml/[86dffd1b70173ae7ed788fc7b696c312]
2021-01-30 20:51:03,007|azureml.sidecar.TaskRegistry.execute|DEBUG|Executing "exit_contexts"
2021-01-30 20:51:03,008|azureml.sidecar.TaskServerClient.__init__|DEBUG|Connecting to TaskServer at 127.0.0.1:58313
2021-01-30 20:51:03,008|azureml.sidecar.TaskRegistry.execute|DEBUG|Sending payload for "exit_contexts":
{"host_secret": "97d2a29d-91ba-4d24-ab42-2b2495c77161", "task": "exit_contexts", "caller_session_id": "40895d34-2924-4948-81ec-ecb877535361", "job_task_error_path": "/mnt/batch/tasks/[48221e979bf7337a8a79bdae81f447a3]/[b82ce560918a09f47878d7885a5ca829]/[ac15a52e59f363d653442a598ffab484]/[45e5b55e91dc0df442c7fecbf3251a8a]/[dd3ba2cca7da8526615be73d390527ac]/[bc6121a121eae114cb86af64bae640d5]
2021-01-30 20:51:03,544|azureml.sidecar.TaskRegistry.execute|DEBUG|Received response for "exit_contexts": {"result": "success"}
2021-01-30 20:51:03,547|azureml._restclient.service_context|DEBUG|Access an existing static threadpool for ServiceContext class
2021-01-30 20:51:03,547|azureml._base_sdk_common.service_discovery|DEBUG|Found history service url in environment variable AZUREML_SERVICE_ENDPOINT, history service url: https://eastus2.experiments.azureml.net.
2021-01-30 20:51:03,548|azureml._base_sdk_common.service_discovery|DEBUG|Found history service url in environment variable AZUREML_SERVICE_ENDPOINT, history service url: https://eastus2.experiments.azureml.net.
2021-01-30 20:51:03,548|azureml._base_sdk_common.service_discovery|DEBUG|Found history service url in environment variable AZUREML_SERVICE_ENDPOINT, history service url: https://eastus2.experiments.azureml.net.
2021-01-30 20:51:03,548|azureml._base_sdk_common.service_discovery|DEBUG|Found history service url in environment variable AZUREML_SERVICE_ENDPOINT, history service url: https://eastus2.experiments.azureml.net.
2021-01-30 20:51:03,548|azureml._base_sdk_common.service_discovery|DEBUG|Found history service url in environment variable AZUREML_SERVICE_ENDPOINT, history service url: https://eastus2.experiments.azureml.net.
2021-01-30 20:51:03,548|azureml._base_sdk_common.service_discovery|DEBUG|Found history service url in environment variable AZUREML_SERVICE_ENDPOINT, history service url: https://eastus2.experiments.azureml.net.
2021-01-30 20:51:03,548|azureml._base_sdk_common.service_discovery|DEBUG|Found history service url in environment variable AZUREML_SERVICE_ENDPOINT, history service url: https://eastus2.experiments.azureml.net.
2021-01-30 20:51:03,582|azureml._SubmittedRun#ed36274c-7716-436e-aeb4-829929175a28.RunHistoryFacade.RunClient.get_by_exp_id-async:False|DEBUG|[START]
2021-01-30 20:51:03,583|azureml._SubmittedRun#ed36274c-7716-436e-aeb4-829929175a28.RunHistoryFacade.RunClient|DEBUG|ClientBase: Calling get_by_exp_id with url /history/v1.0/subscriptions/{subscriptionId}/resourceGroups/{resourceGroupName}/providers/Microsoft.MachineLearningServices/workspaces/{workspaceName}/experimentids/{experimentId}/runs/{runId}
2021-01-30 20:51:03,651|azureml._SubmittedRun#ed36274c-7716-436e-aeb4-829929175a28.RunHistoryFacade.RunClient.get_by_exp_id-async:False|DEBUG|[STOP]
2021-01-30 20:51:03,652|azureml._SubmittedRun#ed36274c-7716-436e-aeb4-829929175a28|DEBUG|Constructing run from dto. type: azureml.StepRun, source: azureml.StepRun, props: {'ContentSnapshotId': '5c33941d-e218-45a6-9003-08f5bf594bf3', 'StepType': 'PythonScriptStep', 'ComputeTargetType': 'AmlCompute', 'azureml.moduleid': '7499bc71-15f9-5ef6-b237-f133a5a7bceb', 'azureml.runsource': 'azureml.StepRun', 'azureml.nodeid': 'f6a00f1a', 'azureml.pipelinerunid': 'fee3a3c8-0a37-4d4d-b33f-93b8751b046a', '_azureml.ComputeTargetType': 'amlcompute', 'ProcessInfoFile': 'azureml-logs/process_info.json', 'ProcessStatusFile': 'azureml-logs/process_status.json'}
2021-01-30 20:51:03,652|azureml._SubmittedRun#ed36274c-7716-436e-aeb4-829929175a28.RunContextManager|DEBUG|Valid logs dir, setting up content loader
2021-01-30 20:51:04,328|azureml.telemetry.logger._applicationinsights_logger|INFO|Sending 3092 bytes
2021-01-30 20:51:04,329|azureml.telemetry.logger._applicationinsights_logger|INFO|Finish uploading in 0.675113 seconds.
